E:\SANDBOX\CS260\CS260_ALL\CS260SU10A03_MAXIMILIAN.MANNDORFF_JUSTIN.DODSON\SERVER\RELEASE\UTILITIES.OBJ
E:\SANDBOX\CS260\CS260_ALL\CS260SU10A03_MAXIMILIAN.MANNDORFF_JUSTIN.DODSON\SERVER\RELEASE\MAIN.OBJ
E:\SANDBOX\CS260\CS260_ALL\CS260SU10A03_MAXIMILIAN.MANNDORFF_JUSTIN.DODSON\SERVER\RELEASE\FILES.OBJ
E:\SANDBOX\CS260\CS260_ALL\CS260SU10A03_MAXIMILIAN.MANNDORFF_JUSTIN.DODSON\SERVER\RELEASE\COMMANDSCAN.OBJ
E:\SANDBOX\CS260\CS260_ALL\CS260SU10A03_MAXIMILIAN.MANNDORFF_JUSTIN.DODSON\SERVER\RELEASE\CLIENTTHREAD.OBJ
E:\SANDBOX\CS260\CS260_ALL\CS260SU10A03_MAXIMILIAN.MANNDORFF_JUSTIN.DODSON\SERVER\RELEASE\VC110.PDB
E:\SANDBOX\CS260\CS260_ALL\CS260SU10A03_MAXIMILIAN.MANNDORFF_JUSTIN.DODSON\SERVER\RELEASE\SERVERJD.EXE
E:\SANDBOX\CS260\CS260_ALL\CS260SU10A03_MAXIMILIAN.MANNDORFF_JUSTIN.DODSON\SERVER\RELEASE\SERVERJD.PDB
E:\Sandbox\cs260\CS260_ALL\cs260su10a03_maximilian.manndorff_justin.dodson\SERVER\Release\clientThread.obj
E:\Sandbox\cs260\CS260_ALL\cs260su10a03_maximilian.manndorff_justin.dodson\SERVER\Release\commandScan.obj
E:\Sandbox\cs260\CS260_ALL\cs260su10a03_maximilian.manndorff_justin.dodson\SERVER\Release\Files.obj
E:\Sandbox\cs260\CS260_ALL\cs260su10a03_maximilian.manndorff_justin.dodson\SERVER\Release\main.obj
E:\Sandbox\cs260\CS260_ALL\cs260su10a03_maximilian.manndorff_justin.dodson\SERVER\Release\utilities.obj
E:\Sandbox\cs260\CS260_ALL\cs260su10a03_maximilian.manndorff_justin.dodson\SERVER\Release\cl.command.1.tlog
E:\Sandbox\cs260\CS260_ALL\cs260su10a03_maximilian.manndorff_justin.dodson\SERVER\Release\CL.read.1.tlog
E:\Sandbox\cs260\CS260_ALL\cs260su10a03_maximilian.manndorff_justin.dodson\SERVER\Release\CL.write.1.tlog
E:\Sandbox\cs260\CS260_ALL\cs260su10a03_maximilian.manndorff_justin.dodson\SERVER\Release\link-cvtres.read.1.tlog
E:\Sandbox\cs260\CS260_ALL\cs260su10a03_maximilian.manndorff_justin.dodson\SERVER\Release\link-cvtres.write.1.tlog
E:\Sandbox\cs260\CS260_ALL\cs260su10a03_maximilian.manndorff_justin.dodson\SERVER\Release\link-rc.read.1.tlog
E:\Sandbox\cs260\CS260_ALL\cs260su10a03_maximilian.manndorff_justin.dodson\SERVER\Release\link-rc.write.1.tlog
E:\Sandbox\cs260\CS260_ALL\cs260su10a03_maximilian.manndorff_justin.dodson\SERVER\Release\link.command.1.tlog
E:\Sandbox\cs260\CS260_ALL\cs260su10a03_maximilian.manndorff_justin.dodson\SERVER\Release\link.read.1.tlog
E:\Sandbox\cs260\CS260_ALL\cs260su10a03_maximilian.manndorff_justin.dodson\SERVER\Release\link.write.1.tlog
E:\Sandbox\cs260\CS260_ALL\cs260su10a03_maximilian.manndorff_justin.dodson\SERVER\Release\ServerJD.pdb
E:\Sandbox\cs260\CS260_ALL\cs260su10a03_maximilian.manndorff_justin.dodson\SERVER\Release\vc110.pdb
E:\Sandbox\cs260\CS260_ALL\cs260su10a03_maximilian.manndorff_justin.dodson\SERVER\Release\ServerJD.exe
