E:\SANDBOX\CS260\CS260_ALL\CS260SU10A03_MAXIMILIAN.MANNDORFF_JUSTIN.DODSON\CLIENT\DEBUG\UTILITIES.OBJ
E:\SANDBOX\CS260\CS260_ALL\CS260SU10A03_MAXIMILIAN.MANNDORFF_JUSTIN.DODSON\CLIENT\DEBUG\TCPCONNECTION.OBJ
E:\SANDBOX\CS260\CS260_ALL\CS260SU10A03_MAXIMILIAN.MANNDORFF_JUSTIN.DODSON\CLIENT\DEBUG\P2PCON.OBJ
E:\SANDBOX\CS260\CS260_ALL\CS260SU10A03_MAXIMILIAN.MANNDORFF_JUSTIN.DODSON\CLIENT\DEBUG\MAIN.OBJ
E:\SANDBOX\CS260\CS260_ALL\CS260SU10A03_MAXIMILIAN.MANNDORFF_JUSTIN.DODSON\CLIENT\DEBUG\DIRECTORY.OBJ
E:\SANDBOX\CS260\CS260_ALL\CS260SU10A03_MAXIMILIAN.MANNDORFF_JUSTIN.DODSON\CLIENT\DEBUG\CONIO.OBJ
E:\SANDBOX\CS260\CS260_ALL\CS260SU10A03_MAXIMILIAN.MANNDORFF_JUSTIN.DODSON\CLIENT\DEBUG\CONFIG.OBJ
E:\SANDBOX\CS260\CS260_ALL\CS260SU10A03_MAXIMILIAN.MANNDORFF_JUSTIN.DODSON\CLIENT\DEBUG\VC110.PDB
E:\SANDBOX\CS260\CS260_ALL\CS260SU10A03_MAXIMILIAN.MANNDORFF_JUSTIN.DODSON\CLIENT\DEBUG\.NETFRAMEWORK,VERSION=V4.0.ASSEMBLYATTRIBUTES.OBJ
E:\SANDBOX\CS260\CS260_ALL\CS260SU10A03_MAXIMILIAN.MANNDORFF_JUSTIN.DODSON\CLIENT\DEBUG\FILESSHAREPROGRAM.ILK
E:\SANDBOX\CS260\CS260_ALL\CS260SU10A03_MAXIMILIAN.MANNDORFF_JUSTIN.DODSON\CLIENT\DEBUG\FILESSHAREPROGRAM.EXE
E:\SANDBOX\CS260\CS260_ALL\CS260SU10A03_MAXIMILIAN.MANNDORFF_JUSTIN.DODSON\CLIENT\DEBUG\FILESSHAREPROGRAM.PDB
E:\Sandbox\cs260\CS260_ALL\cs260su10a03_maximilian.manndorff_justin.dodson\CLIENT\Debug\FilesShareProgram.vcxprojResolveAssemblyReference.cache
E:\Sandbox\cs260\CS260_ALL\cs260su10a03_maximilian.manndorff_justin.dodson\CLIENT\Debug\.NETFramework,Version=v4.0.AssemblyAttributes.obj
E:\Sandbox\cs260\CS260_ALL\cs260su10a03_maximilian.manndorff_justin.dodson\CLIENT\Debug\config.obj
E:\Sandbox\cs260\CS260_ALL\cs260su10a03_maximilian.manndorff_justin.dodson\CLIENT\Debug\conio.obj
E:\Sandbox\cs260\CS260_ALL\cs260su10a03_maximilian.manndorff_justin.dodson\CLIENT\Debug\Directory.obj
E:\Sandbox\cs260\CS260_ALL\cs260su10a03_maximilian.manndorff_justin.dodson\CLIENT\Debug\main.obj
E:\Sandbox\cs260\CS260_ALL\cs260su10a03_maximilian.manndorff_justin.dodson\CLIENT\Debug\p2pcon.obj
E:\Sandbox\cs260\CS260_ALL\cs260su10a03_maximilian.manndorff_justin.dodson\CLIENT\Debug\tcpconnection.obj
E:\Sandbox\cs260\CS260_ALL\cs260su10a03_maximilian.manndorff_justin.dodson\CLIENT\Debug\utilities.obj
E:\Sandbox\cs260\CS260_ALL\cs260su10a03_maximilian.manndorff_justin.dodson\CLIENT\Debug\FilesShareProgram.ilk
E:\Sandbox\cs260\CS260_ALL\cs260su10a03_maximilian.manndorff_justin.dodson\CLIENT\Debug\cl.command.1.tlog
E:\Sandbox\cs260\CS260_ALL\cs260su10a03_maximilian.manndorff_justin.dodson\CLIENT\Debug\CL.read.1.tlog
E:\Sandbox\cs260\CS260_ALL\cs260su10a03_maximilian.manndorff_justin.dodson\CLIENT\Debug\CL.write.1.tlog
E:\Sandbox\cs260\CS260_ALL\cs260su10a03_maximilian.manndorff_justin.dodson\CLIENT\Debug\link.7848-cvtres.read.1.tlog
E:\Sandbox\cs260\CS260_ALL\cs260su10a03_maximilian.manndorff_justin.dodson\CLIENT\Debug\link.7848-cvtres.write.1.tlog
E:\Sandbox\cs260\CS260_ALL\cs260su10a03_maximilian.manndorff_justin.dodson\CLIENT\Debug\link.7848-mt.read.1.tlog
E:\Sandbox\cs260\CS260_ALL\cs260su10a03_maximilian.manndorff_justin.dodson\CLIENT\Debug\link.7848-mt.write.1.tlog
E:\Sandbox\cs260\CS260_ALL\cs260su10a03_maximilian.manndorff_justin.dodson\CLIENT\Debug\link.7848-rc.read.1.tlog
E:\Sandbox\cs260\CS260_ALL\cs260su10a03_maximilian.manndorff_justin.dodson\CLIENT\Debug\link.7848-rc.write.1.tlog
E:\Sandbox\cs260\CS260_ALL\cs260su10a03_maximilian.manndorff_justin.dodson\CLIENT\Debug\link.7848.read.1.tlog
E:\Sandbox\cs260\CS260_ALL\cs260su10a03_maximilian.manndorff_justin.dodson\CLIENT\Debug\link.7848.write.1.tlog
E:\Sandbox\cs260\CS260_ALL\cs260su10a03_maximilian.manndorff_justin.dodson\CLIENT\Debug\link.command.1.tlog
E:\Sandbox\cs260\CS260_ALL\cs260su10a03_maximilian.manndorff_justin.dodson\CLIENT\Debug\link.read.1.tlog
E:\Sandbox\cs260\CS260_ALL\cs260su10a03_maximilian.manndorff_justin.dodson\CLIENT\Debug\link.write.1.tlog
E:\Sandbox\cs260\CS260_ALL\cs260su10a03_maximilian.manndorff_justin.dodson\CLIENT\Debug\metagen.read.1.tlog
E:\Sandbox\cs260\CS260_ALL\cs260su10a03_maximilian.manndorff_justin.dodson\CLIENT\Debug\metagen.write.1.tlog
E:\Sandbox\cs260\CS260_ALL\cs260su10a03_maximilian.manndorff_justin.dodson\CLIENT\Debug\FilesShareProgram.pdb
E:\Sandbox\cs260\CS260_ALL\cs260su10a03_maximilian.manndorff_justin.dodson\CLIENT\Debug\vc110.pdb
E:\Sandbox\cs260\CS260_ALL\cs260su10a03_maximilian.manndorff_justin.dodson\CLIENT\Debug\FilesShareProgram.exe.metagen
E:\Sandbox\cs260\CS260_ALL\cs260su10a03_maximilian.manndorff_justin.dodson\CLIENT\Debug\RSAENH.DLL.bi
E:\Sandbox\cs260\CS260_ALL\cs260su10a03_maximilian.manndorff_justin.dodson\CLIENT\Debug\TZRES.DLL.bi
E:\Sandbox\cs260\CS260_ALL\cs260su10a03_maximilian.manndorff_justin.dodson\CLIENT\Debug\FilesShareProgram.exe
