Build started 5/29/2014 9:35:24 PM.
     1>Project "E:\Sandbox\cs260\CS260_ALL\cs260su10a03_maximilian.manndorff_justin.dodson\SERVER\ServerJD.vcxproj" on node 2 (Build target(s)).
     1>ClCompile:
         C:\Program Files (x86)\Microsoft Visual Studio 11.0\VC\bin\CL.exe /c /Zi /nologo /W3 /WX- /Od /Oy- /D WIN32 /D _DEBUG /D _CONSOLE /Gm /EHsc /RTC1 /MDd /GS /fp:precise /Zc:wchar_t /Zc:forScope /Fo"Debug\\" /Fd"Debug\vc110.pdb" /Gd /TP /analyze- /errorReport:prompt clientThread.cpp commandScan.cpp Files.cpp main.cpp utilities.cpp
         utilities.cpp
     1>utilities.cpp(15): warning C4996: 'sscanf': This function or variable may be unsafe. Consider using sscanf_s instead. To disable deprecation, use _CRT_SECURE_NO_WARNINGS. See online help for details.
                 C:\Program Files (x86)\Microsoft Visual Studio 11.0\VC\include\stdio.h(311) : see declaration of 'sscanf'
         main.cpp
         Files.cpp
         commandScan.cpp
         clientThread.cpp
     1>clientThread.cpp(268): warning C4996: 'sprintf': This function or variable may be unsafe. Consider using sprintf_s instead. To disable deprecation, use _CRT_SECURE_NO_WARNINGS. See online help for details.
                 C:\Program Files (x86)\Microsoft Visual Studio 11.0\VC\include\stdio.h(357) : see declaration of 'sprintf'
     1>clientThread.cpp(272): warning C4996: 'sprintf': This function or variable may be unsafe. Consider using sprintf_s instead. To disable deprecation, use _CRT_SECURE_NO_WARNINGS. See online help for details.
                 C:\Program Files (x86)\Microsoft Visual Studio 11.0\VC\include\stdio.h(357) : see declaration of 'sprintf'
         Generating Code...
       Link:
         C:\Program Files (x86)\Microsoft Visual Studio 11.0\VC\bin\link.exe /ERRORREPORT:PROMPT /OUT:"E:\Sandbox\cs260\CS260_ALL\cs260su10a03_maximilian.manndorff_justin.dodson\SERVER\Debug\ServerJD.exe" /INCREMENTAL /NOLOGO kernel32.lib user32.lib gdi32.lib winspool.lib comdlg32.lib advapi32.lib shell32.lib ole32.lib oleaut32.lib uuid.lib odbc32.lib odbccp32.lib /MANIFEST /MANIFESTUAC:"level='asInvoker' uiAccess='false'" /manifest:embed /DEBUG /PDB:"E:\Sandbox\cs260\CS260_ALL\cs260su10a03_maximilian.manndorff_justin.dodson\SERVER\Debug\ServerJD.pdb" /SUBSYSTEM:CONSOLE /TLBID:1 /DYNAMICBASE /NXCOMPAT /IMPLIB:"E:\Sandbox\cs260\CS260_ALL\cs260su10a03_maximilian.manndorff_justin.dodson\SERVER\Debug\ServerJD.lib" /MACHINE:X86 Debug\clientThread.obj
         Debug\commandScan.obj
         Debug\Files.obj
         Debug\main.obj
         Debug\utilities.obj
         ServerJD.vcxproj -> E:\Sandbox\cs260\CS260_ALL\cs260su10a03_maximilian.manndorff_justin.dodson\SERVER\Debug\ServerJD.exe
     1>Done Building Project "E:\Sandbox\cs260\CS260_ALL\cs260su10a03_maximilian.manndorff_justin.dodson\SERVER\ServerJD.vcxproj" (Build target(s)).

Build succeeded.

Time Elapsed 00:00:04.36
